QMetaObject::connectSlotsByName: No matching signal for on_pushButtonTestSQL_clicked()
QMetaObject::connectSlotsByName: No matching signal for on_comboBoxSystems_ModelItemChanged(QStandardItem*)
QMetaObject::connectSlotsByName: No matching signal for on_comboBoxFeatures_ModelItemChanged(QStandardItem*)
QMetaObject::connectSlotsByName: No matching signal for on_pushButtonTestSQL_clicked()
QMetaObject::connectSlotsByName: No matching signal for on_comboBoxSystems_ModelItemChanged(QStandardItem*)
QMetaObject::connectSlotsByName: No matching signal for on_comboBoxFeatures_ModelItemChanged(QStandardItem*)
QMetaObject::connectSlotsByName: No matching signal for on_pushButtonTestSQL_clicked()
QMetaObject::connectSlotsByName: No matching signal for on_comboBoxSystems_ModelItemChanged(QStandardItem*)
QMetaObject::connectSlotsByName: No matching signal for on_comboBoxFeatures_ModelItemChanged(QStandardItem*)
QMetaObject::connectSlotsByName: No matching signal for on_pushButtonTestSQL_clicked()
QMetaObject::connectSlotsByName: No matching signal for on_comboBoxSystems_ModelItemChanged(QStandardItem*)
QMetaObject::connectSlotsByName: No matching signal for on_comboBoxFeatures_ModelItemChanged(QStandardItem*)
QMetaObject::connectSlotsByName: No matching signal for on_pushButtonTestSQL_clicked()
QMetaObject::connectSlotsByName: No matching signal for on_comboBoxSystems_ModelItemChanged(QStandardItem*)
QMetaObject::connectSlotsByName: No matching signal for on_comboBoxFeatures_ModelItemChanged(QStandardItem*)
QMetaObject::connectSlotsByName: No matching signal for on_pushButtonTestSQL_clicked()
QMetaObject::connectSlotsByName: No matching signal for on_comboBoxSystems_ModelItemChanged(QStandardItem*)
QMetaObject::connectSlotsByName: No matching signal for on_comboBoxFeatures_ModelItemChanged(QStandardItem*)
db connect result  true
QMetaObject::connectSlotsByName: No matching signal for on_pushButtonTestSQL_clicked()
QMetaObject::connectSlotsByName: No matching signal for on_comboBoxSystems_ModelItemChanged(QStandardItem*)
QMetaObject::connectSlotsByName: No matching signal for on_comboBoxFeatures_ModelItemChanged(QStandardItem*)
db connect result  true
This application failed to start because it could not find or load the Qt platform plugin "windows"
in "".

Reinstalling the application may fix this problem.
QMetaObject::connectSlotsByName: No matching signal for on_pushButtonTestSQL_clicked()
QMetaObject::connectSlotsByName: No matching signal for on_comboBoxSystems_ModelItemChanged(QStandardItem*)
QMetaObject::connectSlotsByName: No matching signal for on_comboBoxFeatures_ModelItemChanged(QStandardItem*)
db connect result  true
QMetaObject::connectSlotsByName: No matching signal for on_pushButtonTestSQL_clicked()
QMetaObject::connectSlotsByName: No matching signal for on_comboBoxSystems_ModelItemChanged(QStandardItem*)
QMetaObject::connectSlotsByName: No matching signal for on_comboBoxFeatures_ModelItemChanged(QStandardItem*)
db connect result  true
QMetaObject::connectSlotsByName: No matching signal for on_pushButtonTestSQL_clicked()
QMetaObject::connectSlotsByName: No matching signal for on_comboBoxSystems_ModelItemChanged(QStandardItem*)
QMetaObject::connectSlotsByName: No matching signal for on_comboBoxFeatures_ModelItemChanged(QStandardItem*)
db connect result  true
QMetaObject::connectSlotsByName: No matching signal for on_pushButtonTestSQL_clicked()
QMetaObject::connectSlotsByName: No matching signal for on_comboBoxSystems_ModelItemChanged(QStandardItem*)
QMetaObject::connectSlotsByName: No matching signal for on_comboBoxFeatures_ModelItemChanged(QStandardItem*)
db connect result  true
Thread copy start
compression result  true
copy was successfull
File #  1
compression result  true
copy was successfull
File #  2
compression result  true
copy was successfull
File #  3
Circle finished
Progress 100
Thread copy finished
finishedCopy start
QSqlQuery::value: not positioned on a valid record
QSqlQuery::value: unknown field name 'ID'
"INSERT INTO Photos (ProjectID, Time, FormworkSystems, Features, Category, FilePath) VALUES (30, '2016-11-01', '5;7', '3;5', '2;3', 'C:/Peri/Романенко Артем/01-12-2016/2014-11-07/IMG_8078.JPG')"
insert result  true
"INSERT INTO Photos (ProjectID, Time, FormworkSystems, Features, Category, FilePath) VALUES (30, '2016-11-01', '5;7', '3;5', '2;3', 'C:/Peri/Романенко Артем/01-12-2016/2014-11-07/IMG_8079.JPG')"
insert result  true
"INSERT INTO Photos (ProjectID, Time, FormworkSystems, Features, Category, FilePath) VALUES (30, '2016-11-01', '5;7', '3;5', '2;3', 'C:/Peri/Романенко Артем/01-12-2016/2014-11-07/IMG_8080.JPG')"
insert result  true
finishedCopy end true
QMetaObject::connectSlotsByName: No matching signal for on_pushButtonTestSQL_clicked()
QMetaObject::connectSlotsByName: No matching signal for on_comboBoxSystems_ModelItemChanged(QStandardItem*)
QMetaObject::connectSlotsByName: No matching signal for on_comboBoxFeatures_ModelItemChanged(QStandardItem*)
db connect result  true
QObject::connect: No such slot MainWindow::errorString(QString)
QObject::connect:  (receiver name: 'MainWindow')
QObject::connect: No such slot MainWindow::errorString(QString)
QObject::connect:  (receiver name: 'MainWindow')
QObject::connect: No such slot MainWindow::errorString(QString)
QObject::connect:  (receiver name: 'MainWindow')
QObject::connect: No such slot MainWindow::errorString(QString)
QObject::connect:  (receiver name: 'MainWindow')
QObject::connect: No such slot MainWindow::errorString(QString)
QObject::connect:  (receiver name: 'MainWindow')
QObject::connect: No such slot MainWindow::errorString(QString)
QObject::connect:  (receiver name: 'MainWindow')
QObject::connect: No such slot MainWindow::errorString(QString)
QObject::connect:  (receiver name: 'MainWindow')
QObject::connect: No such slot MainWindow::errorString(QString)
QObject::connect:  (receiver name: 'MainWindow')
QObject::connect: No such slot MainWindow::errorString(QString)
QObject::connect:  (receiver name: 'MainWindow')
QObject::connect: No such slot MainWindow::errorString(QString)
QObject::connect:  (receiver name: 'MainWindow')
QObject::connect: No such slot MainWindow::errorString(QString)
QObject::connect:  (receiver name: 'MainWindow')
QObject::connect: No such slot MainWindow::errorString(QString)
QObject::connect:  (receiver name: 'MainWindow')
QObject::connect: No such slot MainWindow::errorString(QString)
QObject::connect:  (receiver name: 'MainWindow')
QObject::connect: No such slot MainWindow::errorString(QString)
QObject::connect:  (receiver name: 'MainWindow')
QObject::connect: No such slot MainWindow::errorString(QString)
QObject::connect:  (receiver name: 'MainWindow')
QObject::connect: No such slot MainWindow::errorString(QString)
QObject::connect:  (receiver name: 'MainWindow')
QObject::connect: No such slot MainWindow::errorString(QString)
QObject::connect:  (receiver name: 'MainWindow')
QObject::connect: No such slot MainWindow::errorString(QString)
QObject::connect:  (receiver name: 'MainWindow')
QObject::connect: No such slot MainWindow::errorString(QString)
QObject::connect:  (receiver name: 'MainWindow')
QObject::connect: No such slot MainWindow::errorString(QString)
QObject::connect:  (receiver name: 'MainWindow')
QObject::connect: No such slot MainWindow::errorString(QString)
QObject::connect:  (receiver name: 'MainWindow')
QObject::connect: No such slot MainWindow::errorString(QString)
QObject::connect:  (receiver name: 'MainWindow')
QObject::connect: No such slot MainWindow::errorString(QString)
QObject::connect:  (receiver name: 'MainWindow')
QObject::connect: No such slot MainWindow::errorString(QString)
QObject::connect:  (receiver name: 'MainWindow')
QObject::connect: No such slot MainWindow::errorString(QString)
QObject::connect:  (receiver name: 'MainWindow')
QObject::connect: No such slot MainWindow::errorString(QString)
QObject::connect:  (receiver name: 'MainWindow')
QObject::connect: No such slot MainWindow::errorString(QString)
QObject::connect:  (receiver name: 'MainWindow')
QObject::connect: No such slot MainWindow::errorString(QString)
QObject::connect:  (receiver name: 'MainWindow')
QObject::connect: No such slot MainWindow::errorString(QString)
QObject::connect:  (receiver name: 'MainWindow')
QObject::connect: No such slot MainWindow::errorString(QString)
QObject::connect:  (receiver name: 'MainWindow')
QObject::connect: No such slot MainWindow::errorString(QString)
QObject::connect:  (receiver name: 'MainWindow')
QObject::connect: No such slot MainWindow::errorString(QString)
QObject::connect:  (receiver name: 'MainWindow')
QObject::connect: No such slot MainWindow::errorString(QString)
QObject::connect:  (receiver name: 'MainWindow')
QObject::connect: No such slot MainWindow::errorString(QString)
QObject::connect:  (receiver name: 'MainWindow')
QObject::connect: No such slot MainWindow::errorString(QString)
QObject::connect:  (receiver name: 'MainWindow')
QObject::connect: No such slot MainWindow::errorString(QString)
QObject::connect:  (receiver name: 'MainWindow')
QObject::connect: No such slot MainWindow::errorString(QString)
QObject::connect:  (receiver name: 'MainWindow')
QObject::connect: No such slot MainWindow::errorString(QString)
QObject::connect:  (receiver name: 'MainWindow')
QObject::connect: No such slot MainWindow::errorString(QString)
QObject::connect:  (receiver name: 'MainWindow')
QObject::connect: No such slot MainWindow::errorString(QString)
QObject::connect:  (receiver name: 'MainWindow')
QObject::connect: No such slot MainWindow::errorString(QString)
QObject::connect:  (receiver name: 'MainWindow')
QObject::connect: No such slot MainWindow::errorString(QString)
QObject::connect:  (receiver name: 'MainWindow')
QObject::connect: No such slot MainWindow::errorString(QString)
QObject::connect:  (receiver name: 'MainWindow')
QObject::connect: No such slot MainWindow::errorString(QString)
QObject::connect:  (receiver name: 'MainWindow')
QObject::connect: No such slot MainWindow::errorString(QString)
QObject::connect:  (receiver name: 'MainWindow')
QObject::connect: No such slot MainWindow::errorString(QString)
QObject::connect:  (receiver name: 'MainWindow')
QPixmap::scaled: Pixmap is a null pixmap
QPixmap::scaled: Pixmap is a null pixmap
QPixmap::scaled: Pixmap is a null pixmap
QPixmap::scaled: Pixmap is a null pixmap
QPixmap::scaled: Pixmap is a null pixmap
QPixmap::scaled: Pixmap is a null pixmap
QPixmap::scaled: Pixmap is a null pixmap
QPixmap::scaled: Pixmap is a null pixmap
QPixmap::scaled: Pixmap is a null pixmap
QPixmap::scaled: Pixmap is a null pixmap
QPixmap::scaled: Pixmap is a null pixmap
QPixmap::scaled: Pixmap is a null pixmap
QPixmap::scaled: Pixmap is a null pixmap
QPixmap::scaled: Pixmap is a null pixmap
QPixmap::scaled: Pixmap is a null pixmap
QObject::connect: No such slot MainWindow::errorString(QString)
QObject::connect:  (receiver name: 'MainWindow')
QObject::connect: No such slot MainWindow::errorString(QString)
QObject::connect:  (receiver name: 'MainWindow')
QObject::connect: No such slot MainWindow::errorString(QString)
QObject::connect:  (receiver name: 'MainWindow')
QObject::connect: No such slot MainWindow::errorString(QString)
QObject::connect:  (receiver name: 'MainWindow')
QObject::connect: No such slot MainWindow::errorString(QString)
QObject::connect:  (receiver name: 'MainWindow')
QObject::connect: No such slot MainWindow::errorString(QString)
QObject::connect:  (receiver name: 'MainWindow')
QObject::connect: No such slot MainWindow::errorString(QString)
QObject::connect:  (receiver name: 'MainWindow')
QObject::connect: No such slot MainWindow::errorString(QString)
QObject::connect:  (receiver name: 'MainWindow')
QObject::connect: No such slot MainWindow::errorString(QString)
QObject::connect:  (receiver name: 'MainWindow')
QObject::connect: No such slot MainWindow::errorString(QString)
QObject::connect:  (receiver name: 'MainWindow')
QObject::connect: No such slot MainWindow::errorString(QString)
QObject::connect:  (receiver name: 'MainWindow')
QObject::connect: No such slot MainWindow::errorString(QString)
QObject::connect:  (receiver name: 'MainWindow')
QObject::connect: No such slot MainWindow::errorString(QString)
QObject::connect:  (receiver name: 'MainWindow')
QObject::connect: No such slot MainWindow::errorString(QString)
QObject::connect:  (receiver name: 'MainWindow')
QObject::connect: No such slot MainWindow::errorString(QString)
QObject::connect:  (receiver name: 'MainWindow')
QObject::connect: No such slot MainWindow::errorString(QString)
QObject::connect:  (receiver name: 'MainWindow')
QObject::connect: No such slot MainWindow::errorString(QString)
QObject::connect:  (receiver name: 'MainWindow')
QObject::connect: No such slot MainWindow::errorString(QString)
QObject::connect:  (receiver name: 'MainWindow')
QObject::connect: No such slot MainWindow::errorString(QString)
QObject::connect:  (receiver name: 'MainWindow')
QObject::connect: No such slot MainWindow::errorString(QString)
QObject::connect:  (receiver name: 'MainWindow')
QObject::connect: No such slot MainWindow::errorString(QString)
QObject::connect:  (receiver name: 'MainWindow')
QObject::connect: No such slot MainWindow::errorString(QString)
QObject::connect:  (receiver name: 'MainWindow')
QObject::connect: No such slot MainWindow::errorString(QString)
QObject::connect:  (receiver name: 'MainWindow')
QObject::connect: No such slot MainWindow::errorString(QString)
QObject::connect:  (receiver name: 'MainWindow')
QObject::connect: No such slot MainWindow::errorString(QString)
QObject::connect:  (receiver name: 'MainWindow')
QObject::connect: No such slot MainWindow::errorString(QString)
QObject::connect:  (receiver name: 'MainWindow')
QObject::connect: No such slot MainWindow::errorString(QString)
QObject::connect:  (receiver name: 'MainWindow')
QObject::connect: No such slot MainWindow::errorString(QString)
QObject::connect:  (receiver name: 'MainWindow')
QObject::connect: No such slot MainWindow::errorString(QString)
QObject::connect:  (receiver name: 'MainWindow')
QObject::connect: No such slot MainWindow::errorString(QString)
QObject::connect:  (receiver name: 'MainWindow')
QObject::connect: No such slot MainWindow::errorString(QString)
QObject::connect:  (receiver name: 'MainWindow')
QObject::connect: No such slot MainWindow::errorString(QString)
QObject::connect:  (receiver name: 'MainWindow')
QObject::connect: No such slot MainWindow::errorString(QString)
QObject::connect:  (receiver name: 'MainWindow')
QObject::connect: No such slot MainWindow::errorString(QString)
QObject::connect:  (receiver name: 'MainWindow')
QObject::connect: No such slot MainWindow::errorString(QString)
QObject::connect:  (receiver name: 'MainWindow')
QObject::connect: No such slot MainWindow::errorString(QString)
QObject::connect:  (receiver name: 'MainWindow')
QObject::connect: No such slot MainWindow::errorString(QString)
QObject::connect:  (receiver name: 'MainWindow')
QObject::connect: No such slot MainWindow::errorString(QString)
QObject::connect:  (receiver name: 'MainWindow')
QObject::connect: No such slot MainWindow::errorString(QString)
QObject::connect:  (receiver name: 'MainWindow')
QObject::connect: No such slot MainWindow::errorString(QString)
QObject::connect:  (receiver name: 'MainWindow')
QObject::connect: No such slot MainWindow::errorString(QString)
QObject::connect:  (receiver name: 'MainWindow')
QObject::connect: No such slot MainWindow::errorString(QString)
QObject::connect:  (receiver name: 'MainWindow')
QObject::connect: No such slot MainWindow::errorString(QString)
QObject::connect:  (receiver name: 'MainWindow')
QObject::connect: No such slot MainWindow::errorString(QString)
QObject::connect:  (receiver name: 'MainWindow')
QObject::connect: No such slot MainWindow::errorString(QString)
QObject::connect:  (receiver name: 'MainWindow')
QObject::connect: No such slot MainWindow::errorString(QString)
QObject::connect:  (receiver name: 'MainWindow')
QObject::connect: No such slot MainWindow::errorString(QString)
QObject::connect:  (receiver name: 'MainWindow')
QObject::connect: No such slot MainWindow::errorString(QString)
QObject::connect:  (receiver name: 'MainWindow')
QObject::connect: No such slot MainWindow::errorString(QString)
QObject::connect:  (receiver name: 'MainWindow')
QObject::connect: No such slot MainWindow::errorString(QString)
QObject::connect:  (receiver name: 'MainWindow')
QObject::connect: No such slot MainWindow::errorString(QString)
QObject::connect:  (receiver name: 'MainWindow')
QObject::connect: No such slot MainWindow::errorString(QString)
QObject::connect:  (receiver name: 'MainWindow')
QObject::connect: No such slot MainWindow::errorString(QString)
QObject::connect:  (receiver name: 'MainWindow')
QObject::connect: No such slot MainWindow::errorString(QString)
QObject::connect:  (receiver name: 'MainWindow')
QPixmap::scaled: Pixmap is a null pixmap
QPixmap::scaled: Pixmap is a null pixmap
QPixmap::scaled: Pixmap is a null pixmap
QPixmap::scaled: Pixmap is a null pixmap
QPixmap::scaled: Pixmap is a null pixmap
QPixmap::scaled: Pixmap is a null pixmap
QPixmap::scaled: Pixmap is a null pixmap
QPixmap::scaled: Pixmap is a null pixmap
QPixmap::scaled: Pixmap is a null pixmap
QPixmap::scaled: Pixmap is a null pixmap
QPixmap::scaled: Pixmap is a null pixmap
QPixmap::scaled: Pixmap is a null pixmap
QObject::connect: No such slot MainWindow::errorString(QString)
QObject::connect:  (receiver name: 'MainWindow')
QPixmap::scaled: Pixmap is a null pixmap
QPixmap::scaled: Pixmap is a null pixmap
QPixmap::scaled: Pixmap is a null pixmap
QPixmap::scaled: Pixmap is a null pixmap
QObject::connect: No such slot MainWindow::errorString(QString)
QObject::connect:  (receiver name: 'MainWindow')
QPixmap::scaled: Pixmap is a null pixmap
QPixmap::scaled: Pixmap is a null pixmap
QPixmap::scaled: Pixmap is a null pixmap
QPixmap::scaled: Pixmap is a null pixmap
QPixmap::scaled: Pixmap is a null pixmap
QPixmap::scaled: Pixmap is a null pixmap
QPixmap::scaled: Pixmap is a null pixmap
QPixmap::scaled: Pixmap is a null pixmap
QObject::connect: No such slot MainWindow::errorString(QString)
QObject::connect:  (receiver name: 'MainWindow')
QObject::connect: No such slot MainWindow::errorString(QString)
QObject::connect:  (receiver name: 'MainWindow')
QObject::connect: No such slot MainWindow::errorString(QString)
QObject::connect:  (receiver name: 'MainWindow')
QObject::connect: No such slot MainWindow::errorString(QString)
QObject::connect:  (receiver name: 'MainWindow')
QPixmap::scaled: Pixmap is a null pixmap
QPixmap::scaled: Pixmap is a null pixmap
QObject::connect: No such slot MainWindow::errorString(QString)
QObject::connect:  (receiver name: 'MainWindow')
QPixmap::scaled: Pixmap is a null pixmap
QPixmap::scaled: Pixmap is a null pixmap
QObject::connect: No such slot MainWindow::errorString(QString)
QObject::connect:  (receiver name: 'MainWindow')
QObject::connect: No such slot MainWindow::errorString(QString)
QPixmap::scaled: Pixmap is a null pixmap
QObject::connect:  (receiver name: 'MainWindow')
QPixmap::scaled: Pixmap is a null pixmap
QObject::connect: No such slot MainWindow::errorString(QString)
QObject::connect:  (receiver name: 'MainWindow')
QPixmap::scaled: Pixmap is a null pixmap
QPixmap::scaled: Pixmap is a null pixmap
QObject::connect: No such slot MainWindow::errorString(QString)
QObject::connect:  (receiver name: 'MainWindow')
QPixmap::scaled: Pixmap is a null pixmap
QPixmap::scaled: Pixmap is a null pixmap
QObject::connect: No such slot MainWindow::errorString(QString)
QObject::connect:  (receiver name: 'MainWindow')
QPixmap::scaled: Pixmap is a null pixmap
QPixmap::scaled: Pixmap is a null pixmap
QObject::connect: No such slot MainWindow::errorString(QString)
QObject::connect:  (receiver name: 'MainWindow')
QObject::connect: No such slot MainWindow::errorString(QString)
QObject::connect:  (receiver name: 'MainWindow')
QPixmap::scaled: Pixmap is a null pixmap
QPixmap::scaled: Pixmap is a null pixmap
QObject::connect: No such slot MainWindow::errorString(QString)
QObject::connect:  (receiver name: 'MainWindow')
QPixmap::scaled: Pixmap is a null pixmap
QPixmap::scaled: Pixmap is a null pixmap
QObject::connect: No such slot MainWindow::errorString(QString)
QObject::connect:  (receiver name: 'MainWindow')
QObject::connect: No such slot MainWindow::errorString(QString)
QObject::connect:  (receiver name: 'MainWindow')
QObject::connect: No such slot MainWindow::errorString(QString)
QObject::connect:  (receiver name: 'MainWindow')
QObject::connect: No such slot MainWindow::errorString(QString)
QObject::connect:  (receiver name: 'MainWindow')
QPixmap::scaled: Pixmap is a null pixmap
QPixmap::scaled: Pixmap is a null pixmap
QObject::connect: No such slot MainWindow::errorString(QString)
QObject::connect:  (receiver name: 'MainWindow')
QPixmap::scaled: Pixmap is a null pixmap
QPixmap::scaled: Pixmap is a null pixmap
QObject::connect: No such slot MainWindow::errorString(QString)
QObject::connect:  (receiver name: 'MainWindow')
QPixmap::scaled: Pixmap is a null pixmap
QPixmap::scaled: Pixmap is a null pixmap
QPixmap::scaled: Pixmap is a null pixmap
QPixmap::scaled: Pixmap is a null pixmap
QObject::connect: No such slot MainWindow::errorString(QString)
QObject::connect:  (receiver name: 'MainWindow')
QPixmap::scaled: Pixmap is a null pixmap
QPixmap::scaled: Pixmap is a null pixmap
QObject::connect: No such slot MainWindow::errorString(QString)
QObject::connect:  (receiver name: 'MainWindow')
QPixmap::scaled: Pixmap is a null pixmap
QPixmap::scaled: Pixmap is a null pixmap
QObject::connect: No such slot MainWindow::errorString(QString)
QObject::connect:  (receiver name: 'MainWindow')
QPixmap::scaled: Pixmap is a null pixmap
QPixmap::scaled: Pixmap is a null pixmap
QObject::connect: No such slot MainWindow::errorString(QString)
QObject::connect:  (receiver name: 'MainWindow')
QObject::connect: No such slot MainWindow::errorString(QString)
QObject::connect:  (receiver name: 'MainWindow')
QObject::connect: No such slot MainWindow::errorString(QString)
QObject::connect:  (receiver name: 'MainWindow')
QPixmap::scaled: Pixmap is a null pixmap
QPixmap::scaled: Pixmap is a null pixmap
QObject::connect: No such slot MainWindow::errorString(QString)
QObject::connect:  (receiver name: 'MainWindow')
QObject::connect: No such slot MainWindow::errorString(QString)
QObject::connect:  (receiver name: 'MainWindow')
QPixmap::scaled: Pixmap is a null pixmap
QPixmap::scaled: Pixmap is a null pixmap
QObject::connect: No such slot MainWindow::errorString(QString)
QObject::connect:  (receiver name: 'MainWindow')
QPixmap::scaled: Pixmap is a null pixmap
QPixmap::scaled: Pixmap is a null pixmap
QObject::connect: No such slot MainWindow::errorString(QString)
QObject::connect:  (receiver name: 'MainWindow')
QPixmap::scaled: Pixmap is a null pixmap
QPixmap::scaled: Pixmap is a null pixmap
QObject::connect: No such slot MainWindow::errorString(QString)
QObject::connect:  (receiver name: 'MainWindow')
QPixmap::scaled: Pixmap is a null pixmap
QPixmap::scaled: Pixmap is a null pixmap
QObject::connect: No such slot MainWindow::errorString(QString)
QObject::connect:  (receiver name: 'MainWindow')
QPixmap::scaled: Pixmap is a null pixmap
QPixmap::scaled: Pixmap is a null pixmap
QObject::connect: No such slot MainWindow::errorString(QString)
QObject::connect:  (receiver name: 'MainWindow')
QObject::connect: No such slot MainWindow::errorString(QString)
QObject::connect:  (receiver name: 'MainWindow')
QPixmap::scaled: Pixmap is a null pixmap
QPixmap::scaled: Pixmap is a null pixmap
QObject::connect: No such slot MainWindow::errorString(QString)
QObject::connect:  (receiver name: 'MainWindow')
QPixmap::scaled: Pixmap is a null pixmap
QPixmap::scaled: Pixmap is a null pixmap
QObject::connect: No such slot MainWindow::errorString(QString)
QObject::connect:  (receiver name: 'MainWindow')
QPixmap::scaled: Pixmap is a null pixmap
QPixmap::scaled: Pixmap is a null pixmap
QObject::connect: No such slot MainWindow::errorString(QString)
QObject::connect:  (receiver name: 'MainWindow')
QObject::connect: No such slot MainWindow::errorString(QString)
QObject::connect:  (receiver name: 'MainWindow')
QPixmap::scaled: Pixmap is a null pixmap
QPixmap::scaled: Pixmap is a null pixmap
QObject::connect: No such slot MainWindow::errorString(QString)
QObject::connect:  (receiver name: 'MainWindow')
QObject::connect: No such slot MainWindow::errorString(QString)
QObject::connect:  (receiver name: 'MainWindow')
QPixmap::scaled: Pixmap is a null pixmap
QPixmap::scaled: Pixmap is a null pixmap
QObject::connect: No such slot MainWindow::errorString(QString)
QObject::connect:  (receiver name: 'MainWindow')
QObject::connect: No such slot MainWindow::errorString(QString)
QObject::connect:  (receiver name: 'MainWindow')
QPixmap::scaled: Pixmap is a null pixmap
QPixmap::scaled: Pixmap is a null pixmap
QObject::connect: No such slot MainWindow::errorString(QString)
QObject::connect:  (receiver name: 'MainWindow')
QPixmap::scaled: Pixmap is a null pixmap
QPixmap::scaled: Pixmap is a null pixmap
QObject::connect: No such slot MainWindow::errorString(QString)
QObject::connect:  (receiver name: 'MainWindow')
QPixmap::scaled: Pixmap is a null pixmap
QPixmap::scaled: Pixmap is a null pixmap
QObject::connect: No such slot MainWindow::errorString(QString)
QObject::connect:  (receiver name: 'MainWindow')
QObject::connect: No such slot MainWindow::errorString(QString)
QObject::connect:  (receiver name: 'MainWindow')
QPixmap::scaled: Pixmap is a null pixmap
QPixmap::scaled: Pixmap is a null pixmap
QPixmap::scaled: Pixmap is a null pixmap
QPixmap::scaled: Pixmap is a null pixmap
QObject::connect: No such slot MainWindow::errorString(QString)
QObject::connect:  (receiver name: 'MainWindow')
QPixmap::scaled: Pixmap is a null pixmap
QPixmap::scaled: Pixmap is a null pixmap
QObject::connect: No such slot MainWindow::errorString(QString)
QObject::connect:  (receiver name: 'MainWindow')
QPixmap::scaled: Pixmap is a null pixmap
QPixmap::scaled: Pixmap is a null pixmap
QObject::connect: No such slot MainWindow::errorString(QString)
QObject::connect:  (receiver name: 'MainWindow')
QObject::connect: No such slot MainWindow::errorString(QString)
QObject::connect:  (receiver name: 'MainWindow')
QPixmap::scaled: Pixmap is a null pixmap
QPixmap::scaled: Pixmap is a null pixmap
QObject::connect: No such slot MainWindow::errorString(QString)
QObject::connect:  (receiver name: 'MainWindow')
QPixmap::scaled: Pixmap is a null pixmap
QPixmap::scaled: Pixmap is a null pixmap
QObject::connect: No such slot MainWindow::errorString(QString)
QObject::connect:  (receiver name: 'MainWindow')
QPixmap::scaled: Pixmap is a null pixmap
QPixmap::scaled: Pixmap is a null pixmap
QObject::connect: No such slot MainWindow::errorString(QString)
QObject::connect:  (receiver name: 'MainWindow')
QPixmap::scaled: Pixmap is a null pixmap
QPixmap::scaled: Pixmap is a null pixmap
QObject::connect: No such slot MainWindow::errorString(QString)
QObject::connect:  (receiver name: 'MainWindow')
QPixmap::scaled: Pixmap is a null pixmap
QPixmap::scaled: Pixmap is a null pixmap
QObject::connect: No such slot MainWindow::errorString(QString)
QObject::connect:  (receiver name: 'MainWindow')
QPixmap::scaled: Pixmap is a null pixmap
QPixmap::scaled: Pixmap is a null pixmap
QObject::connect: No such slot MainWindow::errorString(QString)
QObject::connect:  (receiver name: 'MainWindow')
QObject::connect: No such slot MainWindow::errorString(QString)
QObject::connect:  (receiver name: 'MainWindow')
QPixmap::scaled: Pixmap is a null pixmap
QPixmap::scaled: Pixmap is a null pixmap
QObject::connect: No such slot MainWindow::errorString(QString)
QObject::connect:  (receiver name: 'MainWindow')
QPixmap::scaled: Pixmap is a null pixmap
QPixmap::scaled: Pixmap is a null pixmap
QObject::connect: No such slot MainWindow::errorString(QString)
QObject::connect:  (receiver name: 'MainWindow')
QPixmap::scaled: Pixmap is a null pixmap
QPixmap::scaled: Pixmap is a null pixmap
QObject::connect: No such slot MainWindow::errorString(QString)
QObject::connect:  (receiver name: 'MainWindow')
QPixmap::scaled: Pixmap is a null pixmap
QPixmap::scaled: Pixmap is a null pixmap
QObject::connect: No such slot MainWindow::errorString(QString)
QObject::connect:  (receiver name: 'MainWindow')
QPixmap::scaled: Pixmap is a null pixmap
QPixmap::scaled: Pixmap is a null pixmap
QObject::connect: No such slot MainWindow::errorString(QString)
QObject::connect:  (receiver name: 'MainWindow')
QObject::connect: No such slot MainWindow::errorString(QString)
QObject::connect:  (receiver name: 'MainWindow')
QPixmap::scaled: Pixmap is a null pixmap
QPixmap::scaled: Pixmap is a null pixmap
QObject::connect: No such slot MainWindow::errorString(QString)
QObject::connect:  (receiver name: 'MainWindow')
QPixmap::scaled: Pixmap is a null pixmap
QPixmap::scaled: Pixmap is a null pixmap
QObject::connect: No such slot MainWindow::errorString(QString)
QObject::connect:  (receiver name: 'MainWindow')
QPixmap::scaled: Pixmap is a null pixmap
QPixmap::scaled: Pixmap is a null pixmap
QObject::connect: No such slot MainWindow::errorString(QString)
QObject::connect:  (receiver name: 'MainWindow')
QPixmap::scaled: Pixmap is a null pixmap
QPixmap::scaled: Pixmap is a null pixmap
QObject::connect: No such slot MainWindow::errorString(QString)
QObject::connect:  (receiver name: 'MainWindow')
QPixmap::scaled: Pixmap is a null pixmap
QPixmap::scaled: Pixmap is a null pixmap
QObject::connect: No such slot MainWindow::errorString(QString)
QObject::connect:  (receiver name: 'MainWindow')
QPixmap::scaled: Pixmap is a null pixmap
QPixmap::scaled: Pixmap is a null pixmap
QObject::connect: No such slot MainWindow::errorString(QString)
QObject::connect:  (receiver name: 'MainWindow')
QPixmap::scaled: Pixmap is a null pixmap
QPixmap::scaled: Pixmap is a null pixmap
QObject::connect: No such slot MainWindow::errorString(QString)
QObject::connect:  (receiver name: 'MainWindow')
QPixmap::scaled: Pixmap is a null pixmap
QPixmap::scaled: Pixmap is a null pixmap
QPixmap::scaled: Pixmap is a null pixmap
QPixmap::scaled: Pixmap is a null pixmap
QObject::connect: No such slot MainWindow::errorString(QString)
QObject::connect:  (receiver name: 'MainWindow')
QPixmap::scaled: Pixmap is a null pixmap
QPixmap::scaled: Pixmap is a null pixmap
QObject::connect: No such slot MainWindow::errorString(QString)
QObject::connect:  (receiver name: 'MainWindow')
QPixmap::scaled: Pixmap is a null pixmap
QPixmap::scaled: Pixmap is a null pixmap
QObject::connect: No such slot MainWindow::errorString(QString)
QObject::connect:  (receiver name: 'MainWindow')
QPixmap::scaled: Pixmap is a null pixmap
QPixmap::scaled: Pixmap is a null pixmap
QObject::connect: No such slot MainWindow::errorString(QString)
QObject::connect:  (receiver name: 'MainWindow')
QPixmap::scaled: Pixmap is a null pixmap
QPixmap::scaled: Pixmap is a null pixmap
QObject::connect: No such slot MainWindow::errorString(QString)
QObject::connect:  (receiver name: 'MainWindow')
QPixmap::scaled: Pixmap is a null pixmap
QPixmap::scaled: Pixmap is a null pixmap
QObject::connect: No such slot MainWindow::errorString(QString)
QObject::connect:  (receiver name: 'MainWindow')
QPixmap::scaled: Pixmap is a null pixmap
QPixmap::scaled: Pixmap is a null pixmap
QPixmap::scaled: Pixmap is a null pixmap
QPixmap::scaled: Pixmap is a null pixmap
QObject::connect: No such slot MainWindow::errorString(QString)
QObject::connect:  (receiver name: 'MainWindow')
QPixmap::scaled: Pixmap is a null pixmap
QPixmap::scaled: Pixmap is a null pixmap
QObject::connect: No such slot MainWindow::errorString(QString)
QObject::connect:  (receiver name: 'MainWindow')
QPixmap::scaled: Pixmap is a null pixmap
QPixmap::scaled: Pixmap is a null pixmap
QPixmap::scaled: Pixmap is a null pixmap
QPixmap::scaled: Pixmap is a null pixmap
QPixmap::scaled: Pixmap is a null pixmap
QPixmap::scaled: Pixmap is a null pixmap
QPixmap::scaled: Pixmap is a null pixmap
QPixmap::scaled: Pixmap is a null pixmap
QMetaObject::connectSlotsByName: No matching signal for on_pushButtonTestSQL_clicked()
QMetaObject::connectSlotsByName: No matching signal for on_comboBoxSystems_ModelItemChanged(QStandardItem*)
QMetaObject::connectSlotsByName: No matching signal for on_comboBoxFeatures_ModelItemChanged(QStandardItem*)
prject dir  "C:/Peri/Романенко Артем"
last folder  "C:/Photos/Греция 2016"
compression rate  80
db connect result  true
root dir  "C:/Peri/Романенко Артем"
QMetaObject::connectSlotsByName: No matching signal for on_pushButtonTestSQL_clicked()
QMetaObject::connectSlotsByName: No matching signal for on_comboBoxSystems_ModelItemChanged(QStandardItem*)
QMetaObject::connectSlotsByName: No matching signal for on_comboBoxFeatures_ModelItemChanged(QStandardItem*)
prject dir  "C:/Peri/Романенко Артем"
last folder  "C:/Photos/Греция 2016"
compression rate  80
db connect result  true
root dir  "C:/Peri/Романенко Артем"
QObject::connect: No such slot PreviewSession::errorString(QString)
QObject::connect: No such slot PreviewSession::errorString(QString)
QObject::connect: No such slot PreviewSession::errorString(QString)
QObject::connect: No such slot PreviewSession::errorString(QString)
QObject::connect: No such slot PreviewSession::errorString(QString)
project dir  "C:/Peri/Романенко Артем\\999999 hello world"
Thread copy start
files dir  "C:/Peri/Романенко Артем\\999999 hello world\\2016-09-05\\"
compression result  true
copy was successfull  "C:/Peri/Романенко Артем\\999999 hello world\\2016-09-05\\IMG_9152.JPG"
File #  1
files dir  "C:/Peri/Романенко Артем\\999999 hello world\\2016-09-05\\"
compression result  true
copy was successfull  "C:/Peri/Романенко Артем\\999999 hello world\\2016-09-05\\IMG_9165.JPG"
File #  2
files dir  "C:/Peri/Романенко Артем\\999999 hello world\\2016-09-06\\"
compression result  true
copy was successfull  "C:/Peri/Романенко Артем\\999999 hello world\\2016-09-06\\IMG_9186.JPG"
File #  3
files dir  "C:/Peri/Романенко Артем\\999999 hello world\\2016-09-06\\"
compression result  true
copy was successfull  "C:/Peri/Романенко Артем\\999999 hello world\\2016-09-06\\IMG_9352.JPG"
File #  4
files dir  "C:/Peri/Романенко Артем\\999999 hello world\\2016-09-06\\"
compression result  true
copy was successfull  "C:/Peri/Романенко Артем\\999999 hello world\\2016-09-06\\IMG_9353.JPG"
File #  5
Circle finished
Progress 100
finishedCopy start
d
QSqlQuery::value: not positioned on a valid record
QSqlQuery::value: unknown field name 'ID'
"INSERT INTO Photos (ProjectID, Time, FormworkSystems, Features, Category, FilePath) VALUES (35, '2016-11-12', '3;6', '4', '3', 'C:/Peri/Романенко Артем/999999 hello world/2016-09-05/IMG_9152.JPG')"
insert result  true
"INSERT INTO Photos (ProjectID, Time, FormworkSystems, Features, Category, FilePath) VALUES (35, '2016-11-12', '3;6', '4', '3', 'C:/Peri/Романенко Артем/999999 hello world/2016-09-05/IMG_9165.JPG')"
insert result  true
"INSERT INTO Photos (ProjectID, Time, FormworkSystems, Features, Category, FilePath) VALUES (35, '2016-11-12', '3;6', '4', '3', 'C:/Peri/Романенко Артем/999999 hello world/2016-09-06/IMG_9186.JPG')"
insert result  true
"INSERT INTO Photos (ProjectID, Time, FormworkSystems, Features, Category, FilePath) VALUES (35, '2016-11-12', '3;6', '4', '3', 'C:/Peri/Романенко Артем/999999 hello world/2016-09-06/IMG_9352.JPG')"
insert result  true
"INSERT INTO Photos (ProjectID, Time, FormworkSystems, Features, Category, FilePath) VALUES (35, '2016-11-12', '3;6', '4', '3', 'C:/Peri/Романенко Артем/999999 hello world/2016-09-06/IMG_9353.JPG')"
insert result  true
finishedCopy end true
